# JRE version: Java(TM) SE Runtime Environment (8.0_40-b25) (build 1.8.0_40-b25)
# Java VM: Java HotSpot(TM) 64-Bit Server VM (25.40-b25 mixed mode windows-amd64 compressed oops)
Heap:
 PSYoungGen      total 303104K, used 112547K [0x00000000eab00000, 0x0000000100000000, 0x0000000100000000)
  eden space 257024K, 43% used [0x00000000eab00000,0x00000000f18e8c80,0x00000000fa600000)
  from space 46080K, 0% used [0x00000000fa600000,0x00000000fa600000,0x00000000fd300000)
  to   space 44544K, 0% used [0x00000000fd480000,0x00000000fd480000,0x0000000100000000)
 ParOldGen       total 175616K, used 113060K [0x00000000c0000000, 0x00000000cab80000, 0x00000000eab00000)
  object space 175616K, 64% used [0x00000000c0000000,0x00000000c6e69378,0x00000000cab80000)
 Metaspace       used 106945K, capacity 111818K, committed 112000K, reserved 1144832K
  class space    used 14564K, capacity 16447K, committed 16512K, reserved 1048576K
GC Heap History (10 events):
Event: 5150.322 GC heap before
{Heap before GC invocations=34 (full 9):
 PSYoungGen      total 304128K, used 58971K [0x00000000eab00000, 0x0000000100000000, 0x0000000100000000)
  eden space 263168K, 22% used [0x00000000eab00000,0x00000000ee496de8,0x00000000fac00000)
  from space 40960K, 0% used [0x00000000fd800000,0x00000000fd800000,0x0000000100000000)
  to   space 43008K, 0% used [0x00000000fac00000,0x00000000fac00000,0x00000000fd600000)
 ParOldGen       total 175616K, used 103405K [0x00000000c0000000, 0x00000000cab80000, 0x00000000eab00000)
  object space 175616K, 58% used [0x00000000c0000000,0x00000000c64fb728,0x00000000cab80000)
 Metaspace       used 93027K, capacity 96702K, committed 97024K, reserved 1132544K
  class space    used 12527K, capacity 13927K, committed 14080K, reserved 1048576K
Event: 5150.389 GC heap after
Heap after GC invocations=34 (full 9):
 PSYoungGen      total 306176K, used 3543K [0x00000000eab00000, 0x0000000100000000, 0x0000000100000000)
  eden space 263168K, 0% used [0x00000000eab00000,0x00000000eab00000,0x00000000fac00000)
  from space 43008K, 8% used [0x00000000fac00000,0x00000000faf75e10,0x00000000fd600000)
  to   space 42496K, 0% used [0x00000000fd680000,0x00000000fd680000,0x0000000100000000)
 ParOldGen       total 175616K, used 103405K [0x00000000c0000000, 0x00000000cab80000, 0x00000000eab00000)
  object space 175616K, 58% used [0x00000000c0000000,0x00000000c64fb728,0x00000000cab80000)
 Metaspace       used 93027K, capacity 96702K, committed 97024K, reserved 1132544K
  class space    used 12527K, capacity 13927K, committed 14080K, reserved 1048576K
}
Event: 5150.389 GC heap before
{Heap before GC invocations=35 (full 10):
 PSYoungGen      total 306176K, used 3543K [0x00000000eab00000, 0x0000000100000000, 0x0000000100000000)
  eden space 263168K, 0% used [0x00000000eab00000,0x00000000eab00000,0x00000000fac00000)
  from space 43008K, 8% used [0x00000000fac00000,0x00000000faf75e10,0x00000000fd600000)
  to   space 42496K, 0% used [0x00000000fd680000,0x00000000fd680000,0x0000000100000000)
 ParOldGen       total 175616K, used 103405K [0x00000000c0000000, 0x00000000cab80000, 0x00000000eab00000)
  object space 175616K, 58% used [0x00000000c0000000,0x00000000c64fb728,0x00000000cab80000)
 Metaspace       used 93027K, capacity 96702K, committed 97024K, reserved 1132544K
  class space    used 12527K, capacity 13927K, committed 14080K, reserved 1048576K
Event: 5151.505 GC heap after
Heap after GC invocations=35 (full 10):
 PSYoungGen      total 306176K, used 0K [0x00000000eab00000, 0x0000000100000000, 0x0000000100000000)
  eden space 263168K, 0% used [0x00000000eab00000,0x00000000eab00000,0x00000000fac00000)
  from space 43008K, 0% used [0x00000000fac00000,0x00000000fac00000,0x00000000fd600000)
  to   space 42496K, 0% used [0x00000000fd680000,0x00000000fd680000,0x0000000100000000)
 ParOldGen       total 175616K, used 94709K [0x00000000c0000000, 0x00000000cab80000, 0x00000000eab00000)
  object space 175616K, 53% used [0x00000000c0000000,0x00000000c5c7d7b0,0x00000000cab80000)
 Metaspace       used 92994K, capacity 96588K, committed 97024K, reserved 1132544K
  class space    used 12519K, capacity 13893K, committed 14080K, reserved 1048576K
}
Event: 5609.444 GC heap before
{Heap before GC invocations=36 (full 10):
 PSYoungGen      total 306176K, used 262566K [0x00000000eab00000, 0x0000000100000000, 0x0000000100000000)
  eden space 263168K, 99% used [0x00000000eab00000,0x00000000fab69af0,0x00000000fac00000)
  from space 43008K, 0% used [0x00000000fac00000,0x00000000fac00000,0x00000000fd600000)
  to   space 42496K, 0% used [0x00000000fd680000,0x00000000fd680000,0x0000000100000000)
 ParOldGen       total 175616K, used 94709K [0x00000000c0000000, 0x00000000cab80000, 0x00000000eab00000)
  object space 175616K, 53% used [0x00000000c0000000,0x00000000c5c7d7b0,0x00000000cab80000)
 Metaspace       used 101139K, capacity 105486K, committed 105600K, reserved 1138688K
  class space    used 13725K, capacity 15376K, committed 15488K, reserved 1048576K
Event: 5609.561 GC heap after
Heap after GC invocations=36 (full 10):
 PSYoungGen      total 299520K, used 32666K [0x00000000eab00000, 0x0000000100000000, 0x0000000100000000)
  eden space 257024K, 0% used [0x00000000eab00000,0x00000000eab00000,0x00000000fa600000)
  from space 42496K, 76% used [0x00000000fd680000,0x00000000ff6668a8,0x0000000100000000)
  to   space 46080K, 0% used [0x00000000fa600000,0x00000000fa600000,0x00000000fd300000)
 ParOldGen       total 175616K, used 94717K [0x00000000c0000000, 0x00000000cab80000, 0x00000000eab00000)
  object space 175616K, 53% used [0x00000000c0000000,0x00000000c5c7f7b0,0x00000000cab80000)
 Metaspace       used 101139K, capacity 105486K, committed 105600K, reserved 1138688K
  class space    used 13725K, capacity 15376K, committed 15488K, reserved 1048576K
}
Event: 5623.066 GC heap before
{Heap before GC invocations=37 (full 10):
 PSYoungGen      total 299520K, used 88129K [0x00000000eab00000, 0x0000000100000000, 0x0000000100000000)
  eden space 257024K, 21% used [0x00000000eab00000,0x00000000ee129b78,0x00000000fa600000)
  from space 42496K, 76% used [0x00000000fd680000,0x00000000ff6668a8,0x0000000100000000)
  to   space 46080K, 0% used [0x00000000fa600000,0x00000000fa600000,0x00000000fd300000)
 ParOldGen       total 175616K, used 94717K [0x00000000c0000000, 0x00000000cab80000, 0x00000000eab00000)
  object space 175616K, 53% used [0x00000000c0000000,0x00000000c5c7f7b0,0x00000000cab80000)
 Metaspace       used 101999K, capacity 106448K, committed 106752K, reserved 1140736K
  class space    used 13856K, capacity 15550K, committed 15616K, reserved 1048576K
Event: 5623.117 GC heap after
Heap after GC invocations=37 (full 10):
 PSYoungGen      total 303104K, used 20522K [0x00000000eab00000, 0x0000000100000000, 0x0000000100000000)
  eden space 257024K, 0% used [0x00000000eab00000,0x00000000eab00000,0x00000000fa600000)
  from space 46080K, 44% used [0x00000000fa600000,0x00000000fba0aae0,0x00000000fd300000)
  to   space 44544K, 0% used [0x00000000fd480000,0x00000000fd480000,0x0000000100000000)
 ParOldGen       total 175616K, used 94717K [0x00000000c0000000, 0x00000000cab80000, 0x00000000eab00000)
  object space 175616K, 53% used [0x00000000c0000000,0x00000000c5c7f7b0,0x00000000cab80000)
 Metaspace       used 101999K, capacity 106448K, committed 106752K, reserved 1140736K
  class space    used 13856K, capacity 15550K, committed 15616K, reserved 1048576K
}
Event: 5623.117 GC heap before
{Heap before GC invocations=38 (full 11):
 PSYoungGen      total 303104K, used 20522K [0x00000000eab00000, 0x0000000100000000, 0x0000000100000000)
  eden space 257024K, 0% used [0x00000000eab00000,0x00000000eab00000,0x00000000fa600000)
  from space 46080K, 44% used [0x00000000fa600000,0x00000000fba0aae0,0x00000000fd300000)
  to   space 44544K, 0% used [0x00000000fd480000,0x00000000fd480000,0x0000000100000000)
 ParOldGen       total 175616K, used 94717K [0x00000000c0000000, 0x00000000cab80000, 0x00000000eab00000)
  object space 175616K, 53% used [0x00000000c0000000,0x00000000c5c7f7b0,0x00000000cab80000)
 Metaspace       used 101999K, capacity 106448K, committed 106752K, reserved 1140736K
  class space    used 13856K, capacity 15550K, committed 15616K, reserved 1048576K
Event: 5624.149 GC heap after
Heap after GC invocations=38 (full 11):
 PSYoungGen      total 303104K, used 0K [0x00000000eab00000, 0x0000000100000000, 0x0000000100000000)
  eden space 257024K, 0% used [0x00000000eab00000,0x00000000eab00000,0x00000000fa600000)
  from space 46080K, 0% used [0x00000000fa600000,0x00000000fa600000,0x00000000fd300000)
  to   space 44544K, 0% used [0x00000000fd480000,0x00000000fd480000,0x0000000100000000)
 ParOldGen       total 175616K, used 113060K [0x00000000c0000000, 0x00000000cab80000, 0x00000000eab00000)
  object space 175616K, 64% used [0x00000000c0000000,0x00000000c6e69378,0x00000000cab80000)
 Metaspace       used 101966K, capacity 106334K, committed 106752K, reserved 1140736K
  class space    used 13848K, capacity 15516K, committed 15616K, reserved 1048576K
}

